2024-12-02 17:58:25,093 - DataLoader - INFO - Loading data...
2024-12-02 17:58:39,364 - ModelTrainer - INFO - [Epoch 1] Average Loss: 1.3996, Accuracy: 52.52%
2024-12-02 17:58:52,389 - ModelTrainer - INFO - [Epoch 2] Average Loss: 1.0724, Accuracy: 63.12%
2024-12-02 17:59:05,422 - ModelTrainer - INFO - [Epoch 3] Average Loss: 0.9807, Accuracy: 66.34%
2024-12-02 17:59:18,458 - ModelTrainer - INFO - [Epoch 4] Average Loss: 1.0802, Accuracy: 63.21%
2024-12-02 17:59:31,491 - ModelTrainer - INFO - [Epoch 5] Average Loss: 1.0037, Accuracy: 65.86%
2024-12-02 17:59:44,524 - ModelTrainer - INFO - [Epoch 6] Average Loss: 0.9938, Accuracy: 66.14%
2024-12-02 17:59:57,559 - ModelTrainer - INFO - [Epoch 7] Average Loss: 0.7998, Accuracy: 72.63%
2024-12-02 18:00:10,590 - ModelTrainer - INFO - [Epoch 8] Average Loss: 0.8636, Accuracy: 70.64%
2024-12-02 18:00:23,643 - ModelTrainer - INFO - [Epoch 9] Average Loss: 0.7989, Accuracy: 72.87%
2024-12-02 18:00:36,676 - ModelTrainer - INFO - [Epoch 10] Average Loss: 0.7369, Accuracy: 74.85%
2024-12-02 18:00:49,710 - ModelTrainer - INFO - [Epoch 11] Average Loss: 0.6825, Accuracy: 76.55%
2024-12-02 18:01:02,741 - ModelTrainer - INFO - [Epoch 12] Average Loss: 0.7722, Accuracy: 73.76%
2024-12-02 18:01:15,775 - ModelTrainer - INFO - [Epoch 13] Average Loss: 0.6723, Accuracy: 76.73%
2024-12-02 18:01:28,791 - ModelTrainer - INFO - [Epoch 14] Average Loss: 0.6358, Accuracy: 78.23%
2024-12-02 18:01:41,822 - ModelTrainer - INFO - [Epoch 15] Average Loss: 0.6517, Accuracy: 77.74%
2024-12-02 18:01:54,841 - ModelTrainer - INFO - [Epoch 16] Average Loss: 0.7536, Accuracy: 74.17%
2024-12-02 18:02:07,841 - ModelTrainer - INFO - [Epoch 17] Average Loss: 0.6035, Accuracy: 79.10%
2024-12-02 18:02:20,861 - ModelTrainer - INFO - [Epoch 18] Average Loss: 0.5779, Accuracy: 80.02%
2024-12-02 18:02:33,878 - ModelTrainer - INFO - [Epoch 19] Average Loss: 0.5703, Accuracy: 80.33%
2024-12-02 18:02:46,910 - ModelTrainer - INFO - [Epoch 20] Average Loss: 0.5394, Accuracy: 81.14%
2024-12-02 18:02:59,880 - ModelTrainer - INFO - [Epoch 21] Average Loss: 0.5657, Accuracy: 80.51%
2024-12-02 18:03:12,913 - ModelTrainer - INFO - [Epoch 22] Average Loss: 0.5674, Accuracy: 80.47%
2024-12-02 18:03:25,946 - ModelTrainer - INFO - [Epoch 23] Average Loss: 0.5245, Accuracy: 81.91%
2024-12-02 18:03:38,978 - ModelTrainer - INFO - [Epoch 24] Average Loss: 0.5289, Accuracy: 81.73%
2024-12-02 18:03:52,012 - ModelTrainer - INFO - [Epoch 25] Average Loss: 0.5566, Accuracy: 80.94%
2024-12-02 18:04:05,049 - ModelTrainer - INFO - [Epoch 26] Average Loss: 0.4907, Accuracy: 83.03%
2024-12-02 18:04:18,077 - ModelTrainer - INFO - [Epoch 27] Average Loss: 0.4703, Accuracy: 83.86%
2024-12-02 18:04:31,114 - ModelTrainer - INFO - [Epoch 28] Average Loss: 0.4689, Accuracy: 83.80%
2024-12-02 18:04:44,148 - ModelTrainer - INFO - [Epoch 29] Average Loss: 0.4717, Accuracy: 83.62%
2024-12-02 18:04:57,180 - ModelTrainer - INFO - [Epoch 30] Average Loss: 0.4633, Accuracy: 84.02%
2024-12-02 18:04:58,012 - ModelTrainer - INFO - Model saved as 'object_recognition_model.pth'
2024-12-02 18:04:59,005 - ModelTrainer - INFO - Test Loss: 0.4598, Test Accuracy: 84.84%
2024-12-02 18:11:34,722 - DataLoader - INFO - Loading data...
2024-12-02 18:11:34,722 - DataLoader - INFO - Loading data...
2024-12-02 18:11:48,633 - ModelTrainer - INFO - [Epoch 1] Average Loss: 0.3827, Accuracy: 86.56%
2024-12-02 18:11:48,633 - ModelTrainer - INFO - [Epoch 1] Average Loss: 0.3827, Accuracy: 86.56%
2024-12-02 18:12:01,668 - ModelTrainer - INFO - [Epoch 2] Average Loss: 0.3488, Accuracy: 87.76%
2024-12-02 18:12:01,668 - ModelTrainer - INFO - [Epoch 2] Average Loss: 0.3488, Accuracy: 87.76%
2024-12-02 18:12:14,702 - ModelTrainer - INFO - [Epoch 3] Average Loss: 0.3415, Accuracy: 88.21%
2024-12-02 18:12:14,702 - ModelTrainer - INFO - [Epoch 3] Average Loss: 0.3415, Accuracy: 88.21%
2024-12-02 18:12:27,736 - ModelTrainer - INFO - [Epoch 4] Average Loss: 0.3318, Accuracy: 88.49%
2024-12-02 18:12:27,736 - ModelTrainer - INFO - [Epoch 4] Average Loss: 0.3318, Accuracy: 88.49%
2024-12-02 18:12:40,766 - ModelTrainer - INFO - [Epoch 5] Average Loss: 0.3238, Accuracy: 88.64%
2024-12-02 18:12:40,766 - ModelTrainer - INFO - [Epoch 5] Average Loss: 0.3238, Accuracy: 88.64%
2024-12-02 18:12:53,803 - ModelTrainer - INFO - [Epoch 6] Average Loss: 0.3192, Accuracy: 88.83%
2024-12-02 18:12:53,803 - ModelTrainer - INFO - [Epoch 6] Average Loss: 0.3192, Accuracy: 88.83%
2024-12-02 18:13:06,837 - ModelTrainer - INFO - [Epoch 7] Average Loss: 0.3122, Accuracy: 89.17%
2024-12-02 18:13:06,837 - ModelTrainer - INFO - [Epoch 7] Average Loss: 0.3122, Accuracy: 89.17%
2024-12-02 18:13:19,869 - ModelTrainer - INFO - [Epoch 8] Average Loss: 0.3065, Accuracy: 89.20%
2024-12-02 18:13:19,869 - ModelTrainer - INFO - [Epoch 8] Average Loss: 0.3065, Accuracy: 89.20%
2024-12-02 18:13:32,904 - ModelTrainer - INFO - [Epoch 9] Average Loss: 0.3017, Accuracy: 89.44%
2024-12-02 18:13:32,904 - ModelTrainer - INFO - [Epoch 9] Average Loss: 0.3017, Accuracy: 89.44%
2024-12-02 18:13:45,936 - ModelTrainer - INFO - [Epoch 10] Average Loss: 0.2933, Accuracy: 89.66%
2024-12-02 18:13:45,936 - ModelTrainer - INFO - [Epoch 10] Average Loss: 0.2933, Accuracy: 89.66%
2024-12-02 18:13:46,766 - ModelTrainer - INFO - Model saved as 'object_recognition_model.pth'
2024-12-02 18:13:46,766 - ModelTrainer - INFO - Model saved as 'object_recognition_model.pth'
2024-12-02 18:13:47,753 - ModelTrainer - INFO - Test Loss: 0.3655, Test Accuracy: 88.07%
2024-12-02 18:13:47,753 - ModelTrainer - INFO - Test Loss: 0.3655, Test Accuracy: 88.07%
2024-12-02 18:17:18,662 - DataLoader - INFO - Loading data...
2024-12-02 18:17:32,929 - ModelTrainer - INFO - [Epoch 1] Average Loss: 1.4810, Accuracy: 49.51%
2024-12-02 18:17:45,954 - ModelTrainer - INFO - [Epoch 2] Average Loss: 1.3555, Accuracy: 53.42%
2024-12-02 18:17:58,990 - ModelTrainer - INFO - [Epoch 3] Average Loss: 1.1023, Accuracy: 61.36%
2024-12-02 18:18:12,021 - ModelTrainer - INFO - [Epoch 4] Average Loss: 0.9980, Accuracy: 65.91%
2024-12-02 18:18:25,055 - ModelTrainer - INFO - [Epoch 5] Average Loss: 0.8819, Accuracy: 69.84%
2024-12-02 18:18:38,090 - ModelTrainer - INFO - [Epoch 6] Average Loss: 0.9731, Accuracy: 66.86%
2024-12-02 18:18:51,111 - ModelTrainer - INFO - [Epoch 7] Average Loss: 0.9266, Accuracy: 68.48%
2024-12-02 18:19:04,141 - ModelTrainer - INFO - [Epoch 8] Average Loss: 0.8121, Accuracy: 72.07%
2024-12-02 18:19:17,155 - ModelTrainer - INFO - [Epoch 9] Average Loss: 0.7467, Accuracy: 74.40%
2024-12-02 18:19:30,189 - ModelTrainer - INFO - [Epoch 10] Average Loss: 0.7315, Accuracy: 75.03%
2024-12-02 18:19:43,223 - ModelTrainer - INFO - [Epoch 11] Average Loss: 0.7107, Accuracy: 75.75%
2024-12-02 18:19:56,261 - ModelTrainer - INFO - [Epoch 12] Average Loss: 0.7913, Accuracy: 73.18%
2024-12-02 18:20:09,291 - ModelTrainer - INFO - [Epoch 13] Average Loss: 0.6814, Accuracy: 76.61%
2024-12-02 18:20:22,324 - ModelTrainer - INFO - [Epoch 14] Average Loss: 0.6758, Accuracy: 76.60%
2024-12-02 18:20:35,358 - ModelTrainer - INFO - [Epoch 15] Average Loss: 0.6131, Accuracy: 78.88%
2024-12-02 18:20:48,391 - ModelTrainer - INFO - [Epoch 16] Average Loss: 0.6093, Accuracy: 79.23%
2024-12-02 18:21:01,424 - ModelTrainer - INFO - [Epoch 17] Average Loss: 0.6739, Accuracy: 76.97%
2024-12-02 18:21:14,458 - ModelTrainer - INFO - [Epoch 18] Average Loss: 0.6055, Accuracy: 79.30%
2024-12-02 18:21:27,492 - ModelTrainer - INFO - [Epoch 19] Average Loss: 0.5767, Accuracy: 80.12%
2024-12-02 18:21:40,526 - ModelTrainer - INFO - [Epoch 20] Average Loss: 0.6233, Accuracy: 78.73%
2024-12-02 18:21:53,562 - ModelTrainer - INFO - [Epoch 21] Average Loss: 0.5911, Accuracy: 79.61%
2024-12-02 18:22:06,595 - ModelTrainer - INFO - [Epoch 22] Average Loss: 0.6608, Accuracy: 77.60%
2024-12-02 18:22:19,630 - ModelTrainer - INFO - [Epoch 23] Average Loss: 0.5450, Accuracy: 81.04%
2024-12-02 18:22:32,659 - ModelTrainer - INFO - [Epoch 24] Average Loss: 0.5139, Accuracy: 82.24%
2024-12-02 18:22:45,696 - ModelTrainer - INFO - [Epoch 25] Average Loss: 0.5021, Accuracy: 82.66%
2024-12-02 18:22:58,729 - ModelTrainer - INFO - [Epoch 26] Average Loss: 0.5117, Accuracy: 82.38%
2024-12-02 18:23:11,746 - ModelTrainer - INFO - [Epoch 27] Average Loss: 0.4929, Accuracy: 83.22%
2024-12-02 18:23:24,780 - ModelTrainer - INFO - [Epoch 28] Average Loss: 0.4874, Accuracy: 83.28%
2024-12-02 18:23:37,794 - ModelTrainer - INFO - [Epoch 29] Average Loss: 0.4720, Accuracy: 83.70%
2024-12-02 18:23:50,829 - ModelTrainer - INFO - [Epoch 30] Average Loss: 0.4506, Accuracy: 84.53%
2024-12-02 18:23:51,668 - ModelTrainer - INFO - Model saved as 'object_recognition_model.pth'
2024-12-02 18:23:52,658 - ModelTrainer - INFO - Test Loss: 0.4662, Test Accuracy: 84.20%
2024-12-02 18:24:09,058 - DataLoader - INFO - Loading data...
2024-12-02 18:24:22,978 - ModelTrainer - INFO - [Epoch 1] Average Loss: 0.3771, Accuracy: 86.86%
2024-12-02 18:24:22,978 - ModelTrainer - INFO - [Epoch 1] Average Loss: 0.3771, Accuracy: 86.86%
2024-12-02 18:24:36,011 - ModelTrainer - INFO - [Epoch 2] Average Loss: 0.3450, Accuracy: 88.02%
2024-12-02 18:24:36,011 - ModelTrainer - INFO - [Epoch 2] Average Loss: 0.3450, Accuracy: 88.02%
2024-12-02 18:24:49,044 - ModelTrainer - INFO - [Epoch 3] Average Loss: 0.3357, Accuracy: 88.43%
2024-12-02 18:24:49,044 - ModelTrainer - INFO - [Epoch 3] Average Loss: 0.3357, Accuracy: 88.43%
2024-12-02 18:25:02,082 - ModelTrainer - INFO - [Epoch 4] Average Loss: 0.3228, Accuracy: 88.61%
2024-12-02 18:25:02,082 - ModelTrainer - INFO - [Epoch 4] Average Loss: 0.3228, Accuracy: 88.61%
2024-12-02 18:25:15,112 - ModelTrainer - INFO - [Epoch 5] Average Loss: 0.3165, Accuracy: 88.93%
2024-12-02 18:25:15,112 - ModelTrainer - INFO - [Epoch 5] Average Loss: 0.3165, Accuracy: 88.93%
2024-12-02 18:25:28,150 - ModelTrainer - INFO - [Epoch 6] Average Loss: 0.3147, Accuracy: 89.02%
2024-12-02 18:25:28,150 - ModelTrainer - INFO - [Epoch 6] Average Loss: 0.3147, Accuracy: 89.02%
2024-12-02 18:25:41,182 - ModelTrainer - INFO - [Epoch 7] Average Loss: 0.3070, Accuracy: 89.29%
2024-12-02 18:25:41,182 - ModelTrainer - INFO - [Epoch 7] Average Loss: 0.3070, Accuracy: 89.29%
2024-12-02 18:25:54,212 - ModelTrainer - INFO - [Epoch 8] Average Loss: 0.3040, Accuracy: 89.48%
2024-12-02 18:25:54,212 - ModelTrainer - INFO - [Epoch 8] Average Loss: 0.3040, Accuracy: 89.48%
2024-12-02 18:26:07,250 - ModelTrainer - INFO - [Epoch 9] Average Loss: 0.3018, Accuracy: 89.40%
2024-12-02 18:26:07,250 - ModelTrainer - INFO - [Epoch 9] Average Loss: 0.3018, Accuracy: 89.40%
2024-12-02 18:26:20,282 - ModelTrainer - INFO - [Epoch 10] Average Loss: 0.2965, Accuracy: 89.70%
2024-12-02 18:26:20,282 - ModelTrainer - INFO - [Epoch 10] Average Loss: 0.2965, Accuracy: 89.70%
2024-12-02 18:26:33,313 - ModelTrainer - INFO - [Epoch 11] Average Loss: 0.2905, Accuracy: 89.94%
2024-12-02 18:26:33,313 - ModelTrainer - INFO - [Epoch 11] Average Loss: 0.2905, Accuracy: 89.94%
2024-12-02 18:26:46,331 - ModelTrainer - INFO - [Epoch 12] Average Loss: 0.2835, Accuracy: 90.00%
2024-12-02 18:26:46,331 - ModelTrainer - INFO - [Epoch 12] Average Loss: 0.2835, Accuracy: 90.00%
2024-12-02 18:26:59,331 - ModelTrainer - INFO - [Epoch 13] Average Loss: 0.2818, Accuracy: 90.03%
2024-12-02 18:26:59,331 - ModelTrainer - INFO - [Epoch 13] Average Loss: 0.2818, Accuracy: 90.03%
2024-12-02 18:27:12,343 - ModelTrainer - INFO - [Epoch 14] Average Loss: 0.2775, Accuracy: 90.25%
2024-12-02 18:27:12,343 - ModelTrainer - INFO - [Epoch 14] Average Loss: 0.2775, Accuracy: 90.25%
2024-12-02 18:27:25,314 - ModelTrainer - INFO - [Epoch 15] Average Loss: 0.2780, Accuracy: 90.16%
2024-12-02 18:27:25,314 - ModelTrainer - INFO - [Epoch 15] Average Loss: 0.2780, Accuracy: 90.16%
2024-12-02 18:27:38,343 - ModelTrainer - INFO - [Epoch 16] Average Loss: 0.2730, Accuracy: 90.42%
2024-12-02 18:27:38,343 - ModelTrainer - INFO - [Epoch 16] Average Loss: 0.2730, Accuracy: 90.42%
2024-12-02 18:27:51,282 - ModelTrainer - INFO - [Epoch 17] Average Loss: 0.2694, Accuracy: 90.51%
2024-12-02 18:27:51,282 - ModelTrainer - INFO - [Epoch 17] Average Loss: 0.2694, Accuracy: 90.51%
2024-12-02 18:28:04,313 - ModelTrainer - INFO - [Epoch 18] Average Loss: 0.2677, Accuracy: 90.50%
2024-12-02 18:28:04,313 - ModelTrainer - INFO - [Epoch 18] Average Loss: 0.2677, Accuracy: 90.50%
2024-12-02 18:28:17,330 - ModelTrainer - INFO - [Epoch 19] Average Loss: 0.2662, Accuracy: 90.67%
2024-12-02 18:28:17,330 - ModelTrainer - INFO - [Epoch 19] Average Loss: 0.2662, Accuracy: 90.67%
2024-12-02 18:28:30,348 - ModelTrainer - INFO - [Epoch 20] Average Loss: 0.2634, Accuracy: 90.68%
2024-12-02 18:28:30,348 - ModelTrainer - INFO - [Epoch 20] Average Loss: 0.2634, Accuracy: 90.68%
2024-12-02 18:28:31,180 - ModelTrainer - INFO - Model saved as 'object_recognition_model.pth'
2024-12-02 18:28:31,180 - ModelTrainer - INFO - Model saved as 'object_recognition_model.pth'
2024-12-02 18:28:32,169 - ModelTrainer - INFO - Test Loss: 0.3838, Test Accuracy: 87.93%
2024-12-02 18:28:32,169 - ModelTrainer - INFO - Test Loss: 0.3838, Test Accuracy: 87.93%
2024-12-02 18:29:57,975 - DataLoader - INFO - Loading data...
2024-12-02 18:30:12,225 - ModelTrainer - INFO - [Epoch 1] Average Loss: 1.3989, Accuracy: 52.32%
2024-12-02 18:30:25,271 - ModelTrainer - INFO - [Epoch 2] Average Loss: 1.0644, Accuracy: 63.48%
2024-12-02 18:30:38,304 - ModelTrainer - INFO - [Epoch 3] Average Loss: 0.9154, Accuracy: 68.56%
2024-12-02 18:30:51,337 - ModelTrainer - INFO - [Epoch 4] Average Loss: 0.9568, Accuracy: 67.28%
2024-12-02 18:31:04,371 - ModelTrainer - INFO - [Epoch 5] Average Loss: 0.8294, Accuracy: 71.56%
2024-12-02 18:31:17,400 - ModelTrainer - INFO - [Epoch 6] Average Loss: 0.8778, Accuracy: 69.89%
2024-12-02 18:31:30,417 - ModelTrainer - INFO - [Epoch 7] Average Loss: 0.8412, Accuracy: 71.56%
2024-12-02 18:31:43,370 - ModelTrainer - INFO - [Epoch 8] Average Loss: 0.7135, Accuracy: 75.55%
2024-12-02 18:31:56,303 - ModelTrainer - INFO - [Epoch 9] Average Loss: 0.6958, Accuracy: 76.21%
2024-12-02 18:32:09,131 - ModelTrainer - INFO - [Epoch 10] Average Loss: 0.7211, Accuracy: 75.49%
2024-12-02 18:32:22,071 - ModelTrainer - INFO - [Epoch 11] Average Loss: 0.6816, Accuracy: 76.52%
2024-12-02 18:32:34,946 - ModelTrainer - INFO - [Epoch 12] Average Loss: 0.6670, Accuracy: 77.35%
2024-12-02 18:32:47,788 - ModelTrainer - INFO - [Epoch 13] Average Loss: 0.6192, Accuracy: 78.60%
2024-12-02 18:33:00,415 - ModelTrainer - INFO - [Epoch 14] Average Loss: 0.5902, Accuracy: 79.82%
2024-12-02 18:33:12,858 - ModelTrainer - INFO - [Epoch 15] Average Loss: 0.6106, Accuracy: 79.15%
2024-12-02 18:33:25,251 - ModelTrainer - INFO - [Epoch 16] Average Loss: 0.5881, Accuracy: 79.72%
2024-12-02 18:33:38,160 - ModelTrainer - INFO - [Epoch 17] Average Loss: 0.5503, Accuracy: 81.05%
2024-12-02 18:33:50,538 - ModelTrainer - INFO - [Epoch 18] Average Loss: 0.5646, Accuracy: 80.60%
2024-12-02 18:34:02,937 - ModelTrainer - INFO - [Epoch 19] Average Loss: 0.6032, Accuracy: 79.27%
2024-12-02 18:34:15,837 - ModelTrainer - INFO - [Epoch 20] Average Loss: 0.5239, Accuracy: 81.74%
2024-12-02 18:34:28,870 - ModelTrainer - INFO - [Epoch 21] Average Loss: 0.4992, Accuracy: 82.83%
2024-12-02 18:34:41,890 - ModelTrainer - INFO - [Epoch 22] Average Loss: 0.4863, Accuracy: 83.04%
2024-12-02 18:34:54,889 - ModelTrainer - INFO - [Epoch 23] Average Loss: 0.4821, Accuracy: 83.22%
2024-12-02 18:35:07,891 - ModelTrainer - INFO - [Epoch 24] Average Loss: 0.4692, Accuracy: 83.75%
2024-12-02 18:35:20,869 - ModelTrainer - INFO - [Epoch 25] Average Loss: 0.4615, Accuracy: 83.85%
2024-12-02 18:35:21,698 - ModelTrainer - INFO - Model saved as 'object_recognition_model.pth'
2024-12-02 18:35:22,688 - ModelTrainer - INFO - Test Loss: 0.6862, Test Accuracy: 82.78%
2024-12-02 18:35:26,413 - DataLoader - INFO - Loading data...
2024-12-02 18:35:40,324 - ModelTrainer - INFO - [Epoch 1] Average Loss: 0.3736, Accuracy: 87.02%
2024-12-02 18:35:40,324 - ModelTrainer - INFO - [Epoch 1] Average Loss: 0.3736, Accuracy: 87.02%
2024-12-02 18:35:53,342 - ModelTrainer - INFO - [Epoch 2] Average Loss: 0.3401, Accuracy: 87.96%
2024-12-02 18:35:53,342 - ModelTrainer - INFO - [Epoch 2] Average Loss: 0.3401, Accuracy: 87.96%
2024-12-02 18:36:06,356 - ModelTrainer - INFO - [Epoch 3] Average Loss: 0.3251, Accuracy: 88.62%
2024-12-02 18:36:06,356 - ModelTrainer - INFO - [Epoch 3] Average Loss: 0.3251, Accuracy: 88.62%
2024-12-02 18:36:19,389 - ModelTrainer - INFO - [Epoch 4] Average Loss: 0.3157, Accuracy: 89.07%
2024-12-02 18:36:19,389 - ModelTrainer - INFO - [Epoch 4] Average Loss: 0.3157, Accuracy: 89.07%
2024-12-02 18:36:32,423 - ModelTrainer - INFO - [Epoch 5] Average Loss: 0.3114, Accuracy: 89.04%
2024-12-02 18:36:32,423 - ModelTrainer - INFO - [Epoch 5] Average Loss: 0.3114, Accuracy: 89.04%
2024-12-02 18:36:45,475 - ModelTrainer - INFO - [Epoch 6] Average Loss: 0.3027, Accuracy: 89.27%
2024-12-02 18:36:45,475 - ModelTrainer - INFO - [Epoch 6] Average Loss: 0.3027, Accuracy: 89.27%
2024-12-02 18:36:58,490 - ModelTrainer - INFO - [Epoch 7] Average Loss: 0.2999, Accuracy: 89.36%
2024-12-02 18:36:58,490 - ModelTrainer - INFO - [Epoch 7] Average Loss: 0.2999, Accuracy: 89.36%
2024-12-02 18:37:11,509 - ModelTrainer - INFO - [Epoch 8] Average Loss: 0.2937, Accuracy: 89.68%
2024-12-02 18:37:11,509 - ModelTrainer - INFO - [Epoch 8] Average Loss: 0.2937, Accuracy: 89.68%
2024-12-02 18:37:24,523 - ModelTrainer - INFO - [Epoch 9] Average Loss: 0.2838, Accuracy: 90.01%
2024-12-02 18:37:24,523 - ModelTrainer - INFO - [Epoch 9] Average Loss: 0.2838, Accuracy: 90.01%
2024-12-02 18:37:37,542 - ModelTrainer - INFO - [Epoch 10] Average Loss: 0.2840, Accuracy: 90.02%
2024-12-02 18:37:37,542 - ModelTrainer - INFO - [Epoch 10] Average Loss: 0.2840, Accuracy: 90.02%
2024-12-02 18:37:50,544 - ModelTrainer - INFO - [Epoch 11] Average Loss: 0.2795, Accuracy: 90.16%
2024-12-02 18:37:50,544 - ModelTrainer - INFO - [Epoch 11] Average Loss: 0.2795, Accuracy: 90.16%
2024-12-02 18:38:03,507 - ModelTrainer - INFO - [Epoch 12] Average Loss: 0.2732, Accuracy: 90.35%
2024-12-02 18:38:03,507 - ModelTrainer - INFO - [Epoch 12] Average Loss: 0.2732, Accuracy: 90.35%
2024-12-02 18:38:04,336 - ModelTrainer - INFO - Model saved as 'object_recognition_model.pth'
2024-12-02 18:38:04,336 - ModelTrainer - INFO - Model saved as 'object_recognition_model.pth'
2024-12-02 18:38:05,329 - ModelTrainer - INFO - Test Loss: 0.3786, Test Accuracy: 87.68%
2024-12-02 18:38:05,329 - ModelTrainer - INFO - Test Loss: 0.3786, Test Accuracy: 87.68%
2024-12-02 18:38:52,491 - DataLoader - INFO - Loading data...
2024-12-02 18:39:06,278 - ModelTrainer - INFO - [Epoch 1] Average Loss: 0.2635, Accuracy: 90.72%
2024-12-02 18:39:06,278 - ModelTrainer - INFO - [Epoch 1] Average Loss: 0.2635, Accuracy: 90.72%
2024-12-02 18:39:06,278 - ModelTrainer - INFO - [Epoch 1] Average Loss: 0.2635, Accuracy: 90.72%
2024-12-02 18:39:19,225 - ModelTrainer - INFO - [Epoch 2] Average Loss: 0.2622, Accuracy: 90.80%
2024-12-02 18:39:19,225 - ModelTrainer - INFO - [Epoch 2] Average Loss: 0.2622, Accuracy: 90.80%
2024-12-02 18:39:19,225 - ModelTrainer - INFO - [Epoch 2] Average Loss: 0.2622, Accuracy: 90.80%
2024-12-02 18:39:32,229 - ModelTrainer - INFO - [Epoch 3] Average Loss: 0.2641, Accuracy: 90.58%
2024-12-02 18:39:32,229 - ModelTrainer - INFO - [Epoch 3] Average Loss: 0.2641, Accuracy: 90.58%
2024-12-02 18:39:32,229 - ModelTrainer - INFO - [Epoch 3] Average Loss: 0.2641, Accuracy: 90.58%
2024-12-02 18:39:45,227 - ModelTrainer - INFO - [Epoch 4] Average Loss: 0.2585, Accuracy: 90.83%
2024-12-02 18:39:45,227 - ModelTrainer - INFO - [Epoch 4] Average Loss: 0.2585, Accuracy: 90.83%
2024-12-02 18:39:45,227 - ModelTrainer - INFO - [Epoch 4] Average Loss: 0.2585, Accuracy: 90.83%
2024-12-02 18:39:58,192 - ModelTrainer - INFO - [Epoch 5] Average Loss: 0.2639, Accuracy: 90.85%
2024-12-02 18:39:58,192 - ModelTrainer - INFO - [Epoch 5] Average Loss: 0.2639, Accuracy: 90.85%
2024-12-02 18:39:58,192 - ModelTrainer - INFO - [Epoch 5] Average Loss: 0.2639, Accuracy: 90.85%
2024-12-02 18:40:11,120 - ModelTrainer - INFO - [Epoch 6] Average Loss: 0.2547, Accuracy: 90.98%
2024-12-02 18:40:11,120 - ModelTrainer - INFO - [Epoch 6] Average Loss: 0.2547, Accuracy: 90.98%
2024-12-02 18:40:11,120 - ModelTrainer - INFO - [Epoch 6] Average Loss: 0.2547, Accuracy: 90.98%
2024-12-02 18:40:11,949 - ModelTrainer - INFO - Model saved as 'object_recognition_model.pth'
2024-12-02 18:40:11,949 - ModelTrainer - INFO - Model saved as 'object_recognition_model.pth'
2024-12-02 18:40:11,949 - ModelTrainer - INFO - Model saved as 'object_recognition_model.pth'
2024-12-02 18:40:12,921 - ModelTrainer - INFO - Test Loss: 0.3679, Test Accuracy: 87.92%
2024-12-02 18:40:12,921 - ModelTrainer - INFO - Test Loss: 0.3679, Test Accuracy: 87.92%
2024-12-02 18:40:12,921 - ModelTrainer - INFO - Test Loss: 0.3679, Test Accuracy: 87.92%
2024-12-03 11:30:49,326 - DataLoader - INFO - Loading data...
2024-12-03 11:31:17,897 - ModelTrainer - INFO - [Epoch 1] Average Loss: 1.3121, Accuracy: 54.87%
2024-12-03 11:31:30,902 - ModelTrainer - INFO - [Epoch 2] Average Loss: 1.1147, Accuracy: 61.78%
2024-12-03 11:31:43,933 - ModelTrainer - INFO - [Epoch 3] Average Loss: 0.9409, Accuracy: 67.82%
2024-12-03 11:31:56,968 - ModelTrainer - INFO - [Epoch 4] Average Loss: 0.9876, Accuracy: 66.17%
2024-12-03 11:32:10,004 - ModelTrainer - INFO - [Epoch 5] Average Loss: 0.8319, Accuracy: 71.48%
2024-12-03 11:32:23,035 - ModelTrainer - INFO - [Epoch 6] Average Loss: 0.8524, Accuracy: 70.76%
2024-12-03 11:32:36,052 - ModelTrainer - INFO - [Epoch 7] Average Loss: 0.7328, Accuracy: 74.96%
2024-12-03 11:32:49,086 - ModelTrainer - INFO - [Epoch 8] Average Loss: 0.7580, Accuracy: 74.03%
2024-12-03 11:33:02,119 - ModelTrainer - INFO - [Epoch 9] Average Loss: 0.6746, Accuracy: 76.82%
2024-12-03 11:33:15,115 - ModelTrainer - INFO - [Epoch 10] Average Loss: 0.6676, Accuracy: 77.04%
2024-12-03 11:33:28,151 - ModelTrainer - INFO - [Epoch 11] Average Loss: 0.6477, Accuracy: 77.75%
2024-12-03 11:33:41,189 - ModelTrainer - INFO - [Epoch 12] Average Loss: 0.6090, Accuracy: 79.01%
2024-12-03 11:33:54,221 - ModelTrainer - INFO - [Epoch 13] Average Loss: 0.5864, Accuracy: 79.61%
2024-12-03 11:34:07,257 - ModelTrainer - INFO - [Epoch 14] Average Loss: 0.5808, Accuracy: 80.00%
2024-12-03 11:34:20,299 - ModelTrainer - INFO - [Epoch 15] Average Loss: 0.5668, Accuracy: 80.54%
2024-12-03 11:34:33,306 - ModelTrainer - INFO - [Epoch 16] Average Loss: 0.5516, Accuracy: 81.08%
2024-12-03 11:34:46,323 - ModelTrainer - INFO - [Epoch 17] Average Loss: 0.5297, Accuracy: 81.69%
2024-12-03 11:34:59,490 - ModelTrainer - INFO - [Epoch 18] Average Loss: 0.5206, Accuracy: 82.13%
2024-12-03 11:35:12,961 - ModelTrainer - INFO - [Epoch 19] Average Loss: 0.5721, Accuracy: 80.26%
2024-12-03 11:35:26,094 - ModelTrainer - INFO - [Epoch 20] Average Loss: 0.5117, Accuracy: 82.63%
2024-12-03 11:35:39,482 - ModelTrainer - INFO - [Epoch 21] Average Loss: 0.5411, Accuracy: 81.33%
2024-12-03 11:35:53,126 - ModelTrainer - INFO - [Epoch 22] Average Loss: 0.4795, Accuracy: 83.37%
2024-12-03 11:36:06,173 - ModelTrainer - INFO - [Epoch 23] Average Loss: 0.4674, Accuracy: 83.82%
2024-12-03 11:36:19,119 - ModelTrainer - INFO - [Epoch 24] Average Loss: 0.4536, Accuracy: 84.28%
2024-12-03 11:36:32,157 - ModelTrainer - INFO - [Epoch 25] Average Loss: 0.4435, Accuracy: 84.67%
2024-12-03 11:36:32,986 - ModelTrainer - INFO - Model saved as 'object_recognition_model.pth'
2024-12-03 11:36:33,983 - ModelTrainer - INFO - Test Loss: 0.4410, Test Accuracy: 84.84%
2024-12-03 11:40:03,849 - DataLoader - INFO - Loading data...
2024-12-03 11:40:18,082 - ModelTrainer - INFO - [Epoch 1] Average Loss: 1.5011, Accuracy: 48.77%
2024-12-03 11:40:31,107 - ModelTrainer - INFO - [Epoch 2] Average Loss: 1.2340, Accuracy: 57.89%
2024-12-03 11:40:44,140 - ModelTrainer - INFO - [Epoch 3] Average Loss: 0.9815, Accuracy: 66.41%
2024-12-03 11:40:57,178 - ModelTrainer - INFO - [Epoch 4] Average Loss: 0.9864, Accuracy: 66.46%
2024-12-03 11:41:10,211 - ModelTrainer - INFO - [Epoch 5] Average Loss: 0.9530, Accuracy: 67.67%
2024-12-03 11:41:23,240 - ModelTrainer - INFO - [Epoch 6] Average Loss: 0.9576, Accuracy: 67.78%
2024-12-03 11:41:36,231 - ModelTrainer - INFO - [Epoch 7] Average Loss: 0.8976, Accuracy: 69.26%
2024-12-03 11:41:49,258 - ModelTrainer - INFO - [Epoch 8] Average Loss: 0.7959, Accuracy: 72.74%
2024-12-03 11:42:01,985 - ModelTrainer - INFO - [Epoch 9] Average Loss: 0.8509, Accuracy: 70.88%
2024-12-03 11:42:14,534 - ModelTrainer - INFO - [Epoch 10] Average Loss: 0.8129, Accuracy: 72.02%
2024-12-03 11:42:27,021 - ModelTrainer - INFO - [Epoch 11] Average Loss: 0.7256, Accuracy: 75.00%
2024-12-03 11:42:40,026 - ModelTrainer - INFO - [Epoch 12] Average Loss: 0.7708, Accuracy: 73.75%
2024-12-03 11:42:53,046 - ModelTrainer - INFO - [Epoch 13] Average Loss: 0.7285, Accuracy: 74.98%
2024-12-03 11:43:06,025 - ModelTrainer - INFO - [Epoch 14] Average Loss: 0.6687, Accuracy: 76.97%
2024-12-03 11:43:19,044 - ModelTrainer - INFO - [Epoch 15] Average Loss: 0.6304, Accuracy: 78.15%
2024-12-03 11:43:32,056 - ModelTrainer - INFO - [Epoch 16] Average Loss: 0.6268, Accuracy: 78.30%
2024-12-03 11:43:45,075 - ModelTrainer - INFO - [Epoch 17] Average Loss: 0.6508, Accuracy: 77.54%
2024-12-03 11:43:58,076 - ModelTrainer - INFO - [Epoch 18] Average Loss: 0.6137, Accuracy: 78.63%
2024-12-03 11:44:11,113 - ModelTrainer - INFO - [Epoch 19] Average Loss: 0.5940, Accuracy: 79.54%
2024-12-03 11:44:24,145 - ModelTrainer - INFO - [Epoch 20] Average Loss: 0.6828, Accuracy: 76.52%
2024-12-03 11:44:37,179 - ModelTrainer - INFO - [Epoch 21] Average Loss: 0.5537, Accuracy: 80.84%
2024-12-03 11:44:50,215 - ModelTrainer - INFO - [Epoch 22] Average Loss: 0.5428, Accuracy: 81.10%
2024-12-03 11:45:03,244 - ModelTrainer - INFO - [Epoch 23] Average Loss: 0.5207, Accuracy: 81.92%
2024-12-03 11:45:16,281 - ModelTrainer - INFO - [Epoch 24] Average Loss: 0.5267, Accuracy: 81.66%
2024-12-03 11:45:29,311 - ModelTrainer - INFO - [Epoch 25] Average Loss: 0.5203, Accuracy: 81.89%
2024-12-03 11:45:30,142 - ModelTrainer - INFO - Model saved as 'object_recognition_model.pth'
2024-12-03 11:45:31,130 - ModelTrainer - INFO - Test Loss: 0.4535, Test Accuracy: 84.68%
2024-12-09 13:14:39,838 - DataLoader - INFO - Loading data...
2024-12-09 13:15:13,197 - ModelTrainer - INFO - [Epoch 1] Average Loss: 1.3435, Accuracy: 53.69%
2024-12-09 13:15:26,186 - ModelTrainer - INFO - [Epoch 2] Average Loss: 1.0781, Accuracy: 63.32%
2024-12-09 13:15:39,185 - ModelTrainer - INFO - [Epoch 3] Average Loss: 0.9806, Accuracy: 66.86%
2024-12-09 13:15:52,203 - ModelTrainer - INFO - [Epoch 4] Average Loss: 0.9611, Accuracy: 67.12%
2024-12-09 13:16:19,003 - DataLoader - INFO - Loading data...
2024-12-09 13:16:19,003 - DataLoader - INFO - Loading data...
2024-12-09 13:16:32,982 - ModelTrainer - INFO - [Epoch 1] Average Loss: 1.4365, Accuracy: 50.74%
2024-12-09 13:16:32,982 - ModelTrainer - INFO - [Epoch 1] Average Loss: 1.4365, Accuracy: 50.74%
2024-12-09 13:16:46,005 - ModelTrainer - INFO - [Epoch 2] Average Loss: 1.2193, Accuracy: 58.93%
2024-12-09 13:16:46,005 - ModelTrainer - INFO - [Epoch 2] Average Loss: 1.2193, Accuracy: 58.93%
2024-12-09 13:16:58,853 - ModelTrainer - INFO - [Epoch 3] Average Loss: 1.1182, Accuracy: 61.68%
2024-12-09 13:16:58,853 - ModelTrainer - INFO - [Epoch 3] Average Loss: 1.1182, Accuracy: 61.68%
2024-12-09 13:17:11,720 - ModelTrainer - INFO - [Epoch 4] Average Loss: 0.9930, Accuracy: 66.04%
2024-12-09 13:17:11,720 - ModelTrainer - INFO - [Epoch 4] Average Loss: 0.9930, Accuracy: 66.04%
2024-12-09 13:17:24,570 - ModelTrainer - INFO - [Epoch 5] Average Loss: 1.0485, Accuracy: 64.09%
2024-12-09 13:17:24,570 - ModelTrainer - INFO - [Epoch 5] Average Loss: 1.0485, Accuracy: 64.09%
2024-12-09 13:17:37,490 - ModelTrainer - INFO - [Epoch 6] Average Loss: 1.1078, Accuracy: 61.52%
2024-12-09 13:17:37,490 - ModelTrainer - INFO - [Epoch 6] Average Loss: 1.1078, Accuracy: 61.52%
2024-12-09 13:17:50,373 - ModelTrainer - INFO - [Epoch 7] Average Loss: 0.9046, Accuracy: 69.07%
2024-12-09 13:17:50,373 - ModelTrainer - INFO - [Epoch 7] Average Loss: 0.9046, Accuracy: 69.07%
2024-12-09 13:18:03,174 - ModelTrainer - INFO - [Epoch 8] Average Loss: 0.7857, Accuracy: 73.19%
2024-12-09 13:18:03,174 - ModelTrainer - INFO - [Epoch 8] Average Loss: 0.7857, Accuracy: 73.19%
2024-12-09 13:18:16,097 - ModelTrainer - INFO - [Epoch 9] Average Loss: 0.7652, Accuracy: 73.90%
2024-12-09 13:18:16,097 - ModelTrainer - INFO - [Epoch 9] Average Loss: 0.7652, Accuracy: 73.90%
2024-12-09 13:18:29,124 - ModelTrainer - INFO - [Epoch 10] Average Loss: 0.8276, Accuracy: 71.92%
2024-12-09 13:18:29,124 - ModelTrainer - INFO - [Epoch 10] Average Loss: 0.8276, Accuracy: 71.92%
2024-12-09 13:18:42,175 - ModelTrainer - INFO - [Epoch 11] Average Loss: 0.7156, Accuracy: 75.44%
2024-12-09 13:18:42,175 - ModelTrainer - INFO - [Epoch 11] Average Loss: 0.7156, Accuracy: 75.44%
2024-12-09 13:18:55,091 - ModelTrainer - INFO - [Epoch 12] Average Loss: 0.6771, Accuracy: 76.72%
2024-12-09 13:18:55,091 - ModelTrainer - INFO - [Epoch 12] Average Loss: 0.6771, Accuracy: 76.72%
2024-12-09 13:19:07,989 - ModelTrainer - INFO - [Epoch 13] Average Loss: 0.7213, Accuracy: 75.45%
2024-12-09 13:19:07,989 - ModelTrainer - INFO - [Epoch 13] Average Loss: 0.7213, Accuracy: 75.45%
2024-12-09 13:19:20,624 - ModelTrainer - INFO - [Epoch 14] Average Loss: 0.7189, Accuracy: 75.16%
2024-12-09 13:19:20,624 - ModelTrainer - INFO - [Epoch 14] Average Loss: 0.7189, Accuracy: 75.16%
2024-12-09 13:19:33,285 - ModelTrainer - INFO - [Epoch 15] Average Loss: 0.6841, Accuracy: 76.70%
2024-12-09 13:19:33,285 - ModelTrainer - INFO - [Epoch 15] Average Loss: 0.6841, Accuracy: 76.70%
2024-12-09 13:19:45,891 - ModelTrainer - INFO - [Epoch 16] Average Loss: 0.6881, Accuracy: 76.48%
2024-12-09 13:19:45,891 - ModelTrainer - INFO - [Epoch 16] Average Loss: 0.6881, Accuracy: 76.48%
2024-12-09 13:19:58,490 - ModelTrainer - INFO - [Epoch 17] Average Loss: 0.6137, Accuracy: 78.96%
2024-12-09 13:19:58,490 - ModelTrainer - INFO - [Epoch 17] Average Loss: 0.6137, Accuracy: 78.96%
2024-12-09 13:20:11,158 - ModelTrainer - INFO - [Epoch 18] Average Loss: 0.5812, Accuracy: 79.87%
2024-12-09 13:20:11,158 - ModelTrainer - INFO - [Epoch 18] Average Loss: 0.5812, Accuracy: 79.87%
2024-12-09 13:20:24,206 - ModelTrainer - INFO - [Epoch 19] Average Loss: 0.6383, Accuracy: 78.33%
2024-12-09 13:20:24,206 - ModelTrainer - INFO - [Epoch 19] Average Loss: 0.6383, Accuracy: 78.33%
2024-12-09 13:20:37,342 - ModelTrainer - INFO - [Epoch 20] Average Loss: 0.5577, Accuracy: 80.74%
2024-12-09 13:20:37,342 - ModelTrainer - INFO - [Epoch 20] Average Loss: 0.5577, Accuracy: 80.74%
2024-12-09 13:20:50,394 - ModelTrainer - INFO - [Epoch 21] Average Loss: 0.5453, Accuracy: 81.36%
2024-12-09 13:20:50,394 - ModelTrainer - INFO - [Epoch 21] Average Loss: 0.5453, Accuracy: 81.36%
2024-12-09 13:21:03,459 - ModelTrainer - INFO - [Epoch 22] Average Loss: 0.5290, Accuracy: 81.76%
2024-12-09 13:21:03,459 - ModelTrainer - INFO - [Epoch 22] Average Loss: 0.5290, Accuracy: 81.76%
2024-12-09 13:21:16,460 - ModelTrainer - INFO - [Epoch 23] Average Loss: 0.5443, Accuracy: 81.31%
2024-12-09 13:21:16,460 - ModelTrainer - INFO - [Epoch 23] Average Loss: 0.5443, Accuracy: 81.31%
2024-12-09 13:21:29,444 - ModelTrainer - INFO - [Epoch 24] Average Loss: 0.5283, Accuracy: 81.82%
2024-12-09 13:21:29,444 - ModelTrainer - INFO - [Epoch 24] Average Loss: 0.5283, Accuracy: 81.82%
2024-12-09 13:21:42,357 - ModelTrainer - INFO - [Epoch 25] Average Loss: 0.5051, Accuracy: 82.58%
2024-12-09 13:21:42,357 - ModelTrainer - INFO - [Epoch 25] Average Loss: 0.5051, Accuracy: 82.58%
2024-12-09 13:21:43,605 - ModelTrainer - INFO - Model saved as 'object_recognition_model.pth'
2024-12-09 13:21:43,605 - ModelTrainer - INFO - Model saved as 'object_recognition_model.pth'
2024-12-09 13:21:44,659 - ModelTrainer - INFO - Test Loss: 0.4955, Test Accuracy: 83.37%
2024-12-09 13:21:44,659 - ModelTrainer - INFO - Test Loss: 0.4955, Test Accuracy: 83.37%
2024-12-09 13:23:39,261 - DataLoader - INFO - Loading data...
2024-12-09 13:23:53,419 - ModelTrainer - INFO - [Epoch 1] Average Loss: 0.4195, Accuracy: 85.46%
2024-12-09 13:24:06,442 - ModelTrainer - INFO - [Epoch 2] Average Loss: 0.3896, Accuracy: 86.48%
2024-12-09 13:24:19,378 - ModelTrainer - INFO - [Epoch 3] Average Loss: 0.3780, Accuracy: 86.73%
2024-12-09 13:24:32,430 - ModelTrainer - INFO - [Epoch 4] Average Loss: 0.3667, Accuracy: 87.25%
2024-12-09 13:24:45,469 - ModelTrainer - INFO - [Epoch 5] Average Loss: 0.3635, Accuracy: 87.36%
2024-12-09 13:24:58,532 - ModelTrainer - INFO - [Epoch 6] Average Loss: 0.3546, Accuracy: 87.68%
2024-12-09 13:25:11,219 - ModelTrainer - INFO - [Epoch 7] Average Loss: 0.3433, Accuracy: 88.07%
2024-12-09 13:25:23,957 - ModelTrainer - INFO - [Epoch 8] Average Loss: 0.3445, Accuracy: 87.88%
2024-12-09 13:25:36,864 - ModelTrainer - INFO - [Epoch 9] Average Loss: 0.3363, Accuracy: 88.24%
2024-12-09 13:25:49,711 - ModelTrainer - INFO - [Epoch 10] Average Loss: 0.3307, Accuracy: 88.45%
2024-12-09 13:26:02,714 - ModelTrainer - INFO - [Epoch 11] Average Loss: 0.3272, Accuracy: 88.36%
2024-12-09 13:26:15,748 - ModelTrainer - INFO - [Epoch 12] Average Loss: 0.3213, Accuracy: 88.88%
2024-12-09 13:26:16,817 - ModelTrainer - INFO - Model saved as 'object_recognition_model.pth'
2024-12-09 13:26:17,827 - ModelTrainer - INFO - Test Loss: 0.3815, Test Accuracy: 87.37%
2024-12-09 13:43:10,111 - DataLoader - INFO - Loading data...
2024-12-09 13:43:24,302 - ModelTrainer - INFO - [Epoch 1] Average Loss: 1.5111, Accuracy: 48.14%
2024-12-09 13:43:37,327 - ModelTrainer - INFO - [Epoch 2] Average Loss: 1.1918, Accuracy: 59.10%
2024-12-09 13:43:50,362 - ModelTrainer - INFO - [Epoch 3] Average Loss: 1.0055, Accuracy: 65.23%
2024-12-09 13:44:03,410 - ModelTrainer - INFO - [Epoch 4] Average Loss: 0.9575, Accuracy: 67.11%
2024-12-09 13:44:16,445 - ModelTrainer - INFO - [Epoch 5] Average Loss: 1.0683, Accuracy: 63.28%
2024-12-09 13:44:29,479 - ModelTrainer - INFO - [Epoch 6] Average Loss: 0.8358, Accuracy: 71.44%
2024-12-09 13:44:42,512 - ModelTrainer - INFO - [Epoch 7] Average Loss: 0.7867, Accuracy: 72.91%
2024-12-09 13:44:55,545 - ModelTrainer - INFO - [Epoch 8] Average Loss: 0.9323, Accuracy: 68.03%
2024-12-09 13:45:08,582 - ModelTrainer - INFO - [Epoch 9] Average Loss: 1.0137, Accuracy: 65.56%
2024-12-09 13:45:21,593 - ModelTrainer - INFO - [Epoch 10] Average Loss: 0.7552, Accuracy: 74.08%
2024-12-09 13:45:34,564 - ModelTrainer - INFO - [Epoch 11] Average Loss: 0.6863, Accuracy: 76.38%
2024-12-09 13:45:47,583 - ModelTrainer - INFO - [Epoch 12] Average Loss: 0.7735, Accuracy: 73.54%
2024-12-09 13:46:00,598 - ModelTrainer - INFO - [Epoch 13] Average Loss: 0.7832, Accuracy: 73.02%
2024-12-09 13:46:13,616 - ModelTrainer - INFO - [Epoch 14] Average Loss: 0.6506, Accuracy: 77.48%
2024-12-09 13:46:26,650 - ModelTrainer - INFO - [Epoch 15] Average Loss: 0.6741, Accuracy: 77.01%
2024-12-09 13:46:39,683 - ModelTrainer - INFO - [Epoch 16] Average Loss: 0.6286, Accuracy: 78.28%
2024-12-09 13:46:52,715 - ModelTrainer - INFO - [Epoch 17] Average Loss: 0.6001, Accuracy: 79.32%
2024-12-09 13:47:05,746 - ModelTrainer - INFO - [Epoch 18] Average Loss: 0.6219, Accuracy: 78.59%
2024-12-09 13:47:18,783 - ModelTrainer - INFO - [Epoch 19] Average Loss: 0.5855, Accuracy: 79.78%
2024-12-09 13:47:31,814 - ModelTrainer - INFO - [Epoch 20] Average Loss: 0.5729, Accuracy: 80.38%
2024-12-09 13:47:32,858 - ModelTrainer - INFO - Model saved as 'object_recognition_model.pth'
2024-12-09 13:47:33,840 - ModelTrainer - INFO - Test Loss: 0.5071, Test Accuracy: 82.72%
2024-12-09 13:47:39,375 - DataLoader - INFO - Loading data...
2024-12-09 13:47:39,375 - DataLoader - INFO - Loading data...
2024-12-09 13:47:53,398 - ModelTrainer - INFO - [Epoch 1] Average Loss: 0.4628, Accuracy: 83.83%
2024-12-09 13:47:53,398 - ModelTrainer - INFO - [Epoch 1] Average Loss: 0.4628, Accuracy: 83.83%
2024-12-09 13:48:06,430 - ModelTrainer - INFO - [Epoch 2] Average Loss: 0.4320, Accuracy: 84.97%
2024-12-09 13:48:06,430 - ModelTrainer - INFO - [Epoch 2] Average Loss: 0.4320, Accuracy: 84.97%
2024-12-09 13:48:19,483 - ModelTrainer - INFO - [Epoch 3] Average Loss: 0.4154, Accuracy: 85.52%
2024-12-09 13:48:19,483 - ModelTrainer - INFO - [Epoch 3] Average Loss: 0.4154, Accuracy: 85.52%
2024-12-09 13:48:32,535 - ModelTrainer - INFO - [Epoch 4] Average Loss: 0.4052, Accuracy: 85.95%
2024-12-09 13:48:32,535 - ModelTrainer - INFO - [Epoch 4] Average Loss: 0.4052, Accuracy: 85.95%
2024-12-09 13:48:45,584 - ModelTrainer - INFO - [Epoch 5] Average Loss: 0.4011, Accuracy: 85.92%
2024-12-09 13:48:45,584 - ModelTrainer - INFO - [Epoch 5] Average Loss: 0.4011, Accuracy: 85.92%
2024-12-09 13:48:58,616 - ModelTrainer - INFO - [Epoch 6] Average Loss: 0.3926, Accuracy: 86.27%
2024-12-09 13:48:58,616 - ModelTrainer - INFO - [Epoch 6] Average Loss: 0.3926, Accuracy: 86.27%
2024-12-09 13:49:11,664 - ModelTrainer - INFO - [Epoch 7] Average Loss: 0.3902, Accuracy: 86.50%
2024-12-09 13:49:11,664 - ModelTrainer - INFO - [Epoch 7] Average Loss: 0.3902, Accuracy: 86.50%
2024-12-09 13:49:24,735 - ModelTrainer - INFO - [Epoch 8] Average Loss: 0.3793, Accuracy: 86.77%
2024-12-09 13:49:24,735 - ModelTrainer - INFO - [Epoch 8] Average Loss: 0.3793, Accuracy: 86.77%
2024-12-09 13:49:37,906 - ModelTrainer - INFO - [Epoch 9] Average Loss: 0.3753, Accuracy: 86.89%
2024-12-09 13:49:37,906 - ModelTrainer - INFO - [Epoch 9] Average Loss: 0.3753, Accuracy: 86.89%
2024-12-09 13:49:51,132 - ModelTrainer - INFO - [Epoch 10] Average Loss: 0.3742, Accuracy: 87.02%
2024-12-09 13:49:51,132 - ModelTrainer - INFO - [Epoch 10] Average Loss: 0.3742, Accuracy: 87.02%
2024-12-09 13:49:51,984 - ModelTrainer - INFO - Model saved as 'object_recognition_model.pth'
2024-12-09 13:49:51,984 - ModelTrainer - INFO - Model saved as 'object_recognition_model.pth'
2024-12-09 13:49:53,012 - ModelTrainer - INFO - Test Loss: 0.3922, Test Accuracy: 86.60%
2024-12-09 13:49:53,012 - ModelTrainer - INFO - Test Loss: 0.3922, Test Accuracy: 86.60%
2024-12-09 14:28:08,179 - DataLoader - INFO - Loading data...
2024-12-09 14:28:22,451 - ModelTrainer - INFO - [Epoch 1] Average Loss: 1.4846, Accuracy: 49.34%
2024-12-09 14:28:35,444 - ModelTrainer - INFO - [Epoch 2] Average Loss: 1.0912, Accuracy: 62.25%
2024-12-09 14:28:48,147 - ModelTrainer - INFO - [Epoch 3] Average Loss: 1.0592, Accuracy: 64.16%
2024-12-09 14:29:01,061 - ModelTrainer - INFO - [Epoch 4] Average Loss: 1.0898, Accuracy: 63.16%
2024-12-09 14:29:14,097 - ModelTrainer - INFO - [Epoch 5] Average Loss: 0.9246, Accuracy: 68.25%
2024-12-09 14:29:27,064 - ModelTrainer - INFO - [Epoch 6] Average Loss: 0.8336, Accuracy: 71.44%
2024-12-09 14:29:40,098 - ModelTrainer - INFO - [Epoch 7] Average Loss: 0.8417, Accuracy: 71.34%
2024-12-09 14:29:53,131 - ModelTrainer - INFO - [Epoch 8] Average Loss: 0.7784, Accuracy: 73.20%
2024-12-09 14:30:06,164 - ModelTrainer - INFO - [Epoch 9] Average Loss: 0.7329, Accuracy: 74.68%
2024-12-09 14:30:19,195 - ModelTrainer - INFO - [Epoch 10] Average Loss: 0.7680, Accuracy: 73.79%
2024-12-09 14:30:32,228 - ModelTrainer - INFO - [Epoch 11] Average Loss: 0.7057, Accuracy: 75.75%
2024-12-09 14:30:45,267 - ModelTrainer - INFO - [Epoch 12] Average Loss: 0.6702, Accuracy: 76.94%
2024-12-09 14:30:58,294 - ModelTrainer - INFO - [Epoch 13] Average Loss: 0.6455, Accuracy: 77.91%
2024-12-09 14:31:11,331 - ModelTrainer - INFO - [Epoch 14] Average Loss: 0.6271, Accuracy: 78.39%
2024-12-09 14:31:24,365 - ModelTrainer - INFO - [Epoch 15] Average Loss: 0.6125, Accuracy: 79.03%
2024-12-09 14:31:37,394 - ModelTrainer - INFO - [Epoch 16] Average Loss: 0.5693, Accuracy: 80.39%
2024-12-09 14:31:50,428 - ModelTrainer - INFO - [Epoch 17] Average Loss: 0.5530, Accuracy: 81.01%
2024-12-09 14:32:03,464 - ModelTrainer - INFO - [Epoch 18] Average Loss: 0.5474, Accuracy: 80.98%
2024-12-09 14:32:16,479 - ModelTrainer - INFO - [Epoch 19] Average Loss: 0.5458, Accuracy: 81.22%
2024-12-09 14:32:29,396 - ModelTrainer - INFO - [Epoch 20] Average Loss: 0.5527, Accuracy: 80.99%
2024-12-09 14:32:42,428 - ModelTrainer - INFO - [Epoch 21] Average Loss: 0.5235, Accuracy: 82.07%
2024-12-09 14:32:55,463 - ModelTrainer - INFO - [Epoch 22] Average Loss: 0.5317, Accuracy: 81.62%
2024-12-09 14:33:08,498 - ModelTrainer - INFO - [Epoch 23] Average Loss: 0.4960, Accuracy: 82.84%
2024-12-09 14:33:21,513 - ModelTrainer - INFO - [Epoch 24] Average Loss: 0.4890, Accuracy: 82.97%
2024-12-09 14:33:34,498 - ModelTrainer - INFO - [Epoch 25] Average Loss: 0.4600, Accuracy: 84.13%
2024-12-09 14:33:35,323 - ModelTrainer - INFO - Model saved as 'object_recognition_model.pth'
2024-12-09 14:33:36,313 - ModelTrainer - INFO - Test Loss: 1.0661, Test Accuracy: 81.61%
2024-12-09 14:33:43,086 - DataLoader - INFO - Loading data...
2024-12-09 14:33:43,086 - DataLoader - INFO - Loading data...
2024-12-09 14:37:32,214 - DataLoader - INFO - Loading data...
2024-12-09 14:38:00,855 - ModelTrainer - INFO - [Epoch 1] Average Loss: 0.7060, Accuracy: 75.87%
2024-12-09 14:38:28,192 - ModelTrainer - INFO - [Epoch 2] Average Loss: 0.6427, Accuracy: 77.71%
2024-12-09 14:38:55,548 - ModelTrainer - INFO - [Epoch 3] Average Loss: 0.6228, Accuracy: 78.41%
2024-12-09 14:39:22,844 - ModelTrainer - INFO - [Epoch 4] Average Loss: 0.6081, Accuracy: 78.84%
2024-12-09 14:39:50,191 - ModelTrainer - INFO - [Epoch 5] Average Loss: 0.5954, Accuracy: 79.44%
2024-12-09 14:40:17,499 - ModelTrainer - INFO - [Epoch 6] Average Loss: 0.5877, Accuracy: 79.46%
2024-12-09 14:40:44,764 - ModelTrainer - INFO - [Epoch 7] Average Loss: 0.5771, Accuracy: 79.99%
2024-12-09 14:41:12,102 - ModelTrainer - INFO - [Epoch 8] Average Loss: 0.5744, Accuracy: 79.97%
2024-12-09 14:41:39,412 - ModelTrainer - INFO - [Epoch 9] Average Loss: 0.5583, Accuracy: 80.51%
2024-12-09 14:42:06,657 - ModelTrainer - INFO - [Epoch 10] Average Loss: 0.5555, Accuracy: 80.75%
2024-12-09 14:42:33,912 - ModelTrainer - INFO - [Epoch 11] Average Loss: 0.5561, Accuracy: 80.67%
2024-12-09 14:43:01,313 - ModelTrainer - INFO - [Epoch 12] Average Loss: 0.5486, Accuracy: 80.70%
2024-12-09 14:43:02,142 - ModelTrainer - INFO - Model saved as 'object_recognition_model.pth'
2024-12-09 14:43:03,164 - ModelTrainer - INFO - Test Loss: 0.3780, Test Accuracy: 87.34%
2025-01-13 13:51:07,702 - DataLoader - INFO - Loading data...
2025-01-13 13:54:47,628 - DataLoader - INFO - Loading data...
2025-01-13 13:58:54,981 - DataLoader - INFO - Loading data...
2025-01-13 13:59:46,243 - DataLoader - INFO - Loading data...
2025-01-13 14:00:07,749 - ModelTrainer - INFO - [Epoch 1] Average Loss: 1.3825, Accuracy: 53.04%
2025-01-13 14:00:20,776 - ModelTrainer - INFO - [Epoch 2] Average Loss: 1.1376, Accuracy: 61.24%
2025-01-13 14:00:33,819 - ModelTrainer - INFO - [Epoch 3] Average Loss: 1.1886, Accuracy: 59.34%
2025-01-13 14:00:46,863 - ModelTrainer - INFO - [Epoch 4] Average Loss: 0.9384, Accuracy: 67.87%
2025-01-13 14:00:59,893 - ModelTrainer - INFO - [Epoch 5] Average Loss: 1.0589, Accuracy: 63.99%
2025-01-13 14:01:12,925 - ModelTrainer - INFO - [Epoch 6] Average Loss: 0.9307, Accuracy: 68.18%
2025-01-13 14:01:25,959 - ModelTrainer - INFO - [Epoch 7] Average Loss: 0.8003, Accuracy: 72.41%
2025-01-13 14:01:38,997 - ModelTrainer - INFO - [Epoch 8] Average Loss: 1.0230, Accuracy: 65.36%
2025-01-13 14:01:52,029 - ModelTrainer - INFO - [Epoch 9] Average Loss: 0.8442, Accuracy: 71.14%
2025-01-13 14:02:05,062 - ModelTrainer - INFO - [Epoch 10] Average Loss: 0.7991, Accuracy: 72.74%
2025-01-13 14:02:18,126 - ModelTrainer - INFO - [Epoch 11] Average Loss: 0.7499, Accuracy: 74.46%
2025-01-13 14:02:31,166 - ModelTrainer - INFO - [Epoch 12] Average Loss: 0.6816, Accuracy: 76.81%
2025-01-13 14:02:44,197 - ModelTrainer - INFO - [Epoch 13] Average Loss: 0.7445, Accuracy: 74.82%
2025-01-13 14:02:57,227 - ModelTrainer - INFO - [Epoch 14] Average Loss: 0.9461, Accuracy: 67.51%
2025-01-13 14:03:10,261 - ModelTrainer - INFO - [Epoch 15] Average Loss: 0.6854, Accuracy: 76.25%
2025-01-13 14:03:23,294 - ModelTrainer - INFO - [Epoch 16] Average Loss: 0.6399, Accuracy: 77.88%
2025-01-13 14:03:36,331 - ModelTrainer - INFO - [Epoch 17] Average Loss: 0.6352, Accuracy: 78.05%
2025-01-13 14:03:49,365 - ModelTrainer - INFO - [Epoch 18] Average Loss: 0.6554, Accuracy: 77.42%
2025-01-13 14:04:02,397 - ModelTrainer - INFO - [Epoch 19] Average Loss: 0.5845, Accuracy: 79.97%
2025-01-13 14:04:15,446 - ModelTrainer - INFO - [Epoch 20] Average Loss: 0.5993, Accuracy: 79.30%
2025-01-13 14:04:28,483 - ModelTrainer - INFO - [Epoch 21] Average Loss: 0.5524, Accuracy: 80.92%
2025-01-13 14:04:41,516 - ModelTrainer - INFO - [Epoch 22] Average Loss: 0.5776, Accuracy: 80.00%
2025-01-13 14:04:54,563 - ModelTrainer - INFO - [Epoch 23] Average Loss: 0.5489, Accuracy: 81.10%
2025-01-13 14:05:07,597 - ModelTrainer - INFO - [Epoch 24] Average Loss: 0.5434, Accuracy: 81.16%
2025-01-13 14:05:20,629 - ModelTrainer - INFO - [Epoch 25] Average Loss: 0.5159, Accuracy: 82.17%
2025-01-13 14:05:21,468 - ModelTrainer - INFO - Model saved as 'object_recognition_model.pth'
2025-01-13 14:05:22,493 - ModelTrainer - INFO - Test Loss: 0.4985, Test Accuracy: 82.62%
2025-01-13 14:12:53,866 - DataLoader - INFO - Loading data...
2025-01-13 14:13:20,119 - DataLoader - INFO - Loading data...
2025-01-13 14:13:34,397 - ModelTrainer - INFO - [Epoch 1] Average Loss: 1.3263, Accuracy: 54.25%
2025-01-13 14:13:47,486 - ModelTrainer - INFO - [Epoch 2] Average Loss: 1.3126, Accuracy: 54.43%
2025-01-13 14:14:00,524 - ModelTrainer - INFO - [Epoch 3] Average Loss: 0.9881, Accuracy: 65.99%
2025-01-13 14:14:13,573 - ModelTrainer - INFO - [Epoch 4] Average Loss: 0.9054, Accuracy: 68.99%
2025-01-13 14:14:26,607 - ModelTrainer - INFO - [Epoch 5] Average Loss: 1.0292, Accuracy: 64.70%
2025-01-13 14:14:39,642 - ModelTrainer - INFO - [Epoch 6] Average Loss: 0.9295, Accuracy: 68.26%
2025-01-13 14:14:52,689 - ModelTrainer - INFO - [Epoch 7] Average Loss: 0.8318, Accuracy: 71.49%
2025-01-13 14:15:05,742 - ModelTrainer - INFO - [Epoch 8] Average Loss: 0.8325, Accuracy: 71.68%
2025-01-13 14:15:18,790 - ModelTrainer - INFO - [Epoch 9] Average Loss: 0.7354, Accuracy: 74.92%
2025-01-13 14:15:31,827 - ModelTrainer - INFO - [Epoch 10] Average Loss: 0.9650, Accuracy: 66.86%
2025-01-13 14:15:44,860 - ModelTrainer - INFO - [Epoch 11] Average Loss: 1.0155, Accuracy: 65.18%
2025-01-13 14:15:57,893 - ModelTrainer - INFO - [Epoch 12] Average Loss: 0.7622, Accuracy: 73.78%
2025-01-13 14:16:10,924 - ModelTrainer - INFO - [Epoch 13] Average Loss: 0.7120, Accuracy: 75.59%
2025-01-13 14:16:23,961 - ModelTrainer - INFO - [Epoch 14] Average Loss: 0.6537, Accuracy: 77.54%
2025-01-13 14:16:36,992 - ModelTrainer - INFO - [Epoch 15] Average Loss: 0.6587, Accuracy: 77.33%
2025-01-13 14:16:50,026 - ModelTrainer - INFO - [Epoch 16] Average Loss: 0.7664, Accuracy: 73.75%
2025-01-13 14:17:03,078 - ModelTrainer - INFO - [Epoch 17] Average Loss: 0.6254, Accuracy: 78.52%
2025-01-13 14:17:16,110 - ModelTrainer - INFO - [Epoch 18] Average Loss: 0.6213, Accuracy: 78.79%
2025-01-13 14:17:29,143 - ModelTrainer - INFO - [Epoch 19] Average Loss: 0.6010, Accuracy: 79.49%
2025-01-13 14:17:42,176 - ModelTrainer - INFO - [Epoch 20] Average Loss: 0.5651, Accuracy: 80.52%
2025-01-13 14:17:55,207 - ModelTrainer - INFO - [Epoch 21] Average Loss: 0.5586, Accuracy: 81.00%
2025-01-13 14:18:08,261 - ModelTrainer - INFO - [Epoch 22] Average Loss: 0.5364, Accuracy: 81.46%
2025-01-13 14:18:21,309 - ModelTrainer - INFO - [Epoch 23] Average Loss: 0.5554, Accuracy: 80.88%
2025-01-13 14:18:34,345 - ModelTrainer - INFO - [Epoch 24] Average Loss: 0.5168, Accuracy: 82.08%
2025-01-13 14:18:47,375 - ModelTrainer - INFO - [Epoch 25] Average Loss: 0.5156, Accuracy: 82.16%
2025-01-13 14:18:48,220 - ModelTrainer - INFO - Model saved as 'object_recognition_model.pth'
2025-01-13 14:18:49,235 - ModelTrainer - INFO - Test Loss: 0.5599, Test Accuracy: 81.15%
2025-01-13 14:20:03,594 - DataLoader - INFO - Loading data...
2025-01-13 14:20:03,594 - DataLoader - INFO - Loading data...
2025-01-13 14:20:32,914 - ModelTrainer - INFO - [Epoch 1] Average Loss: 0.7452, Accuracy: 74.60%
2025-01-13 14:20:32,914 - ModelTrainer - INFO - [Epoch 1] Average Loss: 0.7452, Accuracy: 74.60%
2025-01-13 14:21:00,802 - ModelTrainer - INFO - [Epoch 2] Average Loss: 0.6806, Accuracy: 76.56%
2025-01-13 14:21:00,802 - ModelTrainer - INFO - [Epoch 2] Average Loss: 0.6806, Accuracy: 76.56%
2025-01-13 14:21:28,635 - ModelTrainer - INFO - [Epoch 3] Average Loss: 0.6568, Accuracy: 77.23%
2025-01-13 14:21:28,635 - ModelTrainer - INFO - [Epoch 3] Average Loss: 0.6568, Accuracy: 77.23%
2025-01-13 14:21:56,559 - ModelTrainer - INFO - [Epoch 4] Average Loss: 0.6291, Accuracy: 78.08%
2025-01-13 14:21:56,559 - ModelTrainer - INFO - [Epoch 4] Average Loss: 0.6291, Accuracy: 78.08%
2025-01-13 14:22:24,445 - ModelTrainer - INFO - [Epoch 5] Average Loss: 0.6181, Accuracy: 78.45%
2025-01-13 14:22:24,445 - ModelTrainer - INFO - [Epoch 5] Average Loss: 0.6181, Accuracy: 78.45%
2025-01-13 14:22:52,329 - ModelTrainer - INFO - [Epoch 6] Average Loss: 0.6158, Accuracy: 78.61%
2025-01-13 14:22:52,329 - ModelTrainer - INFO - [Epoch 6] Average Loss: 0.6158, Accuracy: 78.61%
2025-01-13 14:23:20,152 - ModelTrainer - INFO - [Epoch 7] Average Loss: 0.6031, Accuracy: 78.93%
2025-01-13 14:23:20,152 - ModelTrainer - INFO - [Epoch 7] Average Loss: 0.6031, Accuracy: 78.93%
2025-01-13 14:23:47,985 - ModelTrainer - INFO - [Epoch 8] Average Loss: 0.5979, Accuracy: 79.22%
2025-01-13 14:23:47,985 - ModelTrainer - INFO - [Epoch 8] Average Loss: 0.5979, Accuracy: 79.22%
2025-01-13 14:24:15,882 - ModelTrainer - INFO - [Epoch 9] Average Loss: 0.5935, Accuracy: 79.41%
2025-01-13 14:24:15,882 - ModelTrainer - INFO - [Epoch 9] Average Loss: 0.5935, Accuracy: 79.41%
2025-01-13 14:24:43,740 - ModelTrainer - INFO - [Epoch 10] Average Loss: 0.5867, Accuracy: 79.62%
2025-01-13 14:24:43,740 - ModelTrainer - INFO - [Epoch 10] Average Loss: 0.5867, Accuracy: 79.62%
2025-01-13 14:25:11,594 - ModelTrainer - INFO - [Epoch 11] Average Loss: 0.5846, Accuracy: 79.70%
2025-01-13 14:25:11,594 - ModelTrainer - INFO - [Epoch 11] Average Loss: 0.5846, Accuracy: 79.70%
2025-01-13 14:25:39,365 - ModelTrainer - INFO - [Epoch 12] Average Loss: 0.5787, Accuracy: 79.77%
2025-01-13 14:25:39,365 - ModelTrainer - INFO - [Epoch 12] Average Loss: 0.5787, Accuracy: 79.77%
2025-01-13 14:25:40,199 - ModelTrainer - INFO - Model saved as 'object_recognition_model.pth'
2025-01-13 14:25:40,199 - ModelTrainer - INFO - Model saved as 'object_recognition_model.pth'
2025-01-13 14:25:41,228 - ModelTrainer - INFO - Test Loss: 0.4283, Test Accuracy: 85.47%
2025-01-13 14:25:41,228 - ModelTrainer - INFO - Test Loss: 0.4283, Test Accuracy: 85.47%
